{"C:\\udemy-react\\rest_api_node_server\\src\\router.ts": {"path":"C:\\udemy-react\\rest_api_node_server\\src\\router.ts","statementMap":{"0":{"start":{"line":1,"column":0},"end":{"line":1,"column":33}},"1":{"start":{"line":2,"column":0},"end":{"line":2,"column":51}},"2":{"start":{"line":3,"column":0},"end":{"line":3,"column":48}},"3":{"start":{"line":4,"column":0},"end":{"line":4,"column":49}},"4":{"start":{"line":5,"column":0},"end":{"line":5,"column":116}},"5":{"start":{"line":7,"column":15},"end":{"line":7,"column":23}},"6":{"start":{"line":10,"column":0},"end":{"line":10,"column":29}},"7":{"start":{"line":11,"column":0},"end":{"line":17,"column":2}},"8":{"start":{"line":22,"column":0},"end":{"line":35,"column":2}},"9":{"start":{"line":32,"column":25},"end":{"line":32,"column":32}},"10":{"start":{"line":37,"column":0},"end":{"line":48,"column":19}},"11":{"start":{"line":44,"column":25},"end":{"line":44,"column":32}},"12":{"start":{"line":50,"column":0},"end":{"line":55,"column":19}},"13":{"start":{"line":57,"column":0},"end":{"line":57,"column":41}},"14":{"start":{"line":59,"column":0},"end":{"line":59,"column":22}}},"fnMap":{"0":{"name":"(anonymous_0)","decl":{"start":{"line":32,"column":16},"end":{"line":32,"column":21}},"loc":{"start":{"line":32,"column":25},"end":{"line":32,"column":32}}},"1":{"name":"(anonymous_1)","decl":{"start":{"line":44,"column":16},"end":{"line":44,"column":21}},"loc":{"start":{"line":44,"column":25},"end":{"line":44,"column":32}}}},"branchMap":{},"s":{"0":2,"1":2,"2":2,"3":2,"4":2,"5":2,"6":2,"7":2,"8":2,"9":3,"10":2,"11":2,"12":2,"13":2,"14":2},"f":{"0":3,"1":2},"b":{}}
,"C:\\udemy-react\\rest_api_node_server\\src\\server.ts": {"path":"C:\\udemy-react\\rest_api_node_server\\src\\server.ts","statementMap":{"0":{"start":{"line":8,"column":0},"end":{"line":8,"column":7}},"1":{"start":{"line":1,"column":0},"end":{"line":1,"column":30}},"2":{"start":{"line":2,"column":0},"end":{"line":2,"column":30}},"3":{"start":{"line":3,"column":0},"end":{"line":3,"column":29}},"4":{"start":{"line":4,"column":0},"end":{"line":4,"column":28}},"5":{"start":{"line":9,"column":4},"end":{"line":15,"column":5}},"6":{"start":{"line":10,"column":8},"end":{"line":10,"column":32}},"7":{"start":{"line":11,"column":8},"end":{"line":11,"column":18}},"8":{"start":{"line":14,"column":8},"end":{"line":14,"column":null}},"9":{"start":{"line":17,"column":0},"end":{"line":17,"column":13}},"10":{"start":{"line":21,"column":15},"end":{"line":21,"column":24}},"11":{"start":{"line":24,"column":0},"end":{"line":24,"column":27}},"12":{"start":{"line":28,"column":0},"end":{"line":28,"column":36}},"13":{"start":{"line":33,"column":0},"end":{"line":33,"column":22}}},"fnMap":{"0":{"name":"connection","decl":{"start":{"line":8,"column":22},"end":{"line":8,"column":32}},"loc":{"start":{"line":8,"column":32},"end":{"line":16,"column":1}}}},"branchMap":{},"s":{"0":2,"1":2,"2":2,"3":2,"4":2,"5":3,"6":3,"7":2,"8":1,"9":2,"10":2,"11":2,"12":2,"13":2},"f":{"0":3},"b":{}}
,"C:\\udemy-react\\rest_api_node_server\\src\\config\\db.ts": {"path":"C:\\udemy-react\\rest_api_node_server\\src\\config\\db.ts","statementMap":{"0":{"start":{"line":1,"column":0},"end":{"line":1,"column":49}},"1":{"start":{"line":2,"column":0},"end":{"line":2,"column":29}},"2":{"start":{"line":3,"column":0},"end":{"line":3,"column":null}},"3":{"start":{"line":7,"column":11},"end":{"line":10,"column":2}},"4":{"start":{"line":12,"column":0},"end":{"line":12,"column":18}}},"fnMap":{},"branchMap":{},"s":{"0":2,"1":2,"2":2,"3":2,"4":2},"f":{},"b":{}}
,"C:\\udemy-react\\rest_api_node_server\\src\\handlers\\product.ts": {"path":"C:\\udemy-react\\rest_api_node_server\\src\\handlers\\product.ts","statementMap":{"0":{"start":{"line":2,"column":0},"end":{"line":2,"column":39}},"1":{"start":{"line":4,"column":27},"end":{"line":13,"column":1}},"2":{"start":{"line":5,"column":4},"end":{"line":12,"column":5}},"3":{"start":{"line":6,"column":25},"end":{"line":8,"column":10}},"4":{"start":{"line":9,"column":8},"end":{"line":9,"column":null}},"5":{"start":{"line":11,"column":8},"end":{"line":11,"column":null}},"6":{"start":{"line":4,"column":13},"end":{"line":4,"column":27}},"7":{"start":{"line":15,"column":31},"end":{"line":28,"column":1}},"8":{"start":{"line":16,"column":4},"end":{"line":27,"column":5}},"9":{"start":{"line":17,"column":21},"end":{"line":17,"column":31}},"10":{"start":{"line":18,"column":24},"end":{"line":18,"column":50}},"11":{"start":{"line":20,"column":8},"end":{"line":22,"column":9}},"12":{"start":{"line":21,"column":12},"end":{"line":21,"column":null}},"13":{"start":{"line":23,"column":8},"end":{"line":23,"column":null}},"14":{"start":{"line":26,"column":8},"end":{"line":26,"column":null}},"15":{"start":{"line":15,"column":13},"end":{"line":15,"column":31}},"16":{"start":{"line":31,"column":28},"end":{"line":34,"column":1}},"17":{"start":{"line":32,"column":20},"end":{"line":32,"column":50}},"18":{"start":{"line":33,"column":4},"end":{"line":33,"column":null}},"19":{"start":{"line":31,"column":13},"end":{"line":31,"column":28}},"20":{"start":{"line":38,"column":29},"end":{"line":49,"column":1}},"21":{"start":{"line":39,"column":17},"end":{"line":39,"column":27}},"22":{"start":{"line":40,"column":20},"end":{"line":40,"column":46}},"23":{"start":{"line":42,"column":4},"end":{"line":44,"column":5}},"24":{"start":{"line":43,"column":8},"end":{"line":43,"column":null}},"25":{"start":{"line":46,"column":4},"end":{"line":46,"column":null}},"26":{"start":{"line":47,"column":4},"end":{"line":47,"column":null}},"27":{"start":{"line":48,"column":4},"end":{"line":48,"column":null}},"28":{"start":{"line":38,"column":13},"end":{"line":38,"column":29}},"29":{"start":{"line":53,"column":29},"end":{"line":63,"column":1}},"30":{"start":{"line":54,"column":17},"end":{"line":54,"column":27}},"31":{"start":{"line":55,"column":20},"end":{"line":55,"column":46}},"32":{"start":{"line":57,"column":4},"end":{"line":59,"column":5}},"33":{"start":{"line":58,"column":8},"end":{"line":58,"column":null}},"34":{"start":{"line":61,"column":4},"end":{"line":61,"column":28}},"35":{"start":{"line":62,"column":4},"end":{"line":62,"column":null}},"36":{"start":{"line":53,"column":13},"end":{"line":53,"column":29}},"37":{"start":{"line":67,"column":34},"end":{"line":79,"column":1}},"38":{"start":{"line":68,"column":17},"end":{"line":68,"column":27}},"39":{"start":{"line":69,"column":20},"end":{"line":69,"column":46}},"40":{"start":{"line":71,"column":4},"end":{"line":73,"column":5}},"41":{"start":{"line":72,"column":8},"end":{"line":72,"column":null}},"42":{"start":{"line":75,"column":4},"end":{"line":75,"column":null}},"43":{"start":{"line":76,"column":4},"end":{"line":76,"column":null}},"44":{"start":{"line":78,"column":4},"end":{"line":78,"column":null}},"45":{"start":{"line":67,"column":13},"end":{"line":67,"column":34}}},"fnMap":{"0":{"name":"(anonymous_1)","decl":{"start":{"line":4,"column":27},"end":{"line":4,"column":32}},"loc":{"start":{"line":4,"column":65},"end":{"line":13,"column":1}}},"1":{"name":"(anonymous_2)","decl":{"start":{"line":15,"column":31},"end":{"line":15,"column":36}},"loc":{"start":{"line":15,"column":71},"end":{"line":28,"column":1}}},"2":{"name":"(anonymous_3)","decl":{"start":{"line":31,"column":28},"end":{"line":31,"column":33}},"loc":{"start":{"line":31,"column":68},"end":{"line":34,"column":1}}},"3":{"name":"(anonymous_4)","decl":{"start":{"line":38,"column":29},"end":{"line":38,"column":34}},"loc":{"start":{"line":38,"column":69},"end":{"line":49,"column":1}}},"4":{"name":"(anonymous_5)","decl":{"start":{"line":53,"column":29},"end":{"line":53,"column":34}},"loc":{"start":{"line":53,"column":69},"end":{"line":63,"column":1}}},"5":{"name":"(anonymous_6)","decl":{"start":{"line":67,"column":34},"end":{"line":67,"column":39}},"loc":{"start":{"line":67,"column":74},"end":{"line":79,"column":1}}}},"branchMap":{"0":{"loc":{"start":{"line":20,"column":8},"end":{"line":22,"column":9}},"type":"if","locations":[{"start":{"line":20,"column":8},"end":{"line":22,"column":9}}]},"1":{"loc":{"start":{"line":42,"column":4},"end":{"line":44,"column":5}},"type":"if","locations":[{"start":{"line":42,"column":4},"end":{"line":44,"column":5}}]},"2":{"loc":{"start":{"line":57,"column":4},"end":{"line":59,"column":5}},"type":"if","locations":[{"start":{"line":57,"column":4},"end":{"line":59,"column":5}}]},"3":{"loc":{"start":{"line":71,"column":4},"end":{"line":73,"column":5}},"type":"if","locations":[{"start":{"line":71,"column":4},"end":{"line":73,"column":5}}]}},"s":{"0":2,"1":2,"2":2,"3":2,"4":2,"5":0,"6":2,"7":2,"8":2,"9":2,"10":2,"11":2,"12":1,"13":1,"14":0,"15":2,"16":2,"17":1,"18":1,"19":2,"20":2,"21":0,"22":0,"23":0,"24":0,"25":0,"26":0,"27":0,"28":2,"29":2,"30":1,"31":1,"32":1,"33":1,"34":0,"35":0,"36":2,"37":2,"38":2,"39":2,"40":2,"41":1,"42":1,"43":1,"44":1,"45":2},"f":{"0":2,"1":2,"2":1,"3":0,"4":1,"5":2},"b":{"0":[1],"1":[0],"2":[1],"3":[1]}}
,"C:\\udemy-react\\rest_api_node_server\\src\\middleware\\index.ts": {"path":"C:\\udemy-react\\rest_api_node_server\\src\\middleware\\index.ts","statementMap":{"0":{"start":{"line":1,"column":0},"end":{"line":1,"column":52}},"1":{"start":{"line":4,"column":33},"end":{"line":12,"column":1}},"2":{"start":{"line":6,"column":19},"end":{"line":6,"column":40}},"3":{"start":{"line":7,"column":4},"end":{"line":9,"column":5}},"4":{"start":{"line":8,"column":8},"end":{"line":8,"column":null}},"5":{"start":{"line":11,"column":4},"end":{"line":11,"column":null}},"6":{"start":{"line":4,"column":13},"end":{"line":4,"column":33}}},"fnMap":{"0":{"name":"(anonymous_0)","decl":{"start":{"line":4,"column":33},"end":{"line":4,"column":34}},"loc":{"start":{"line":4,"column":87},"end":{"line":12,"column":1}}}},"branchMap":{"0":{"loc":{"start":{"line":7,"column":4},"end":{"line":9,"column":5}},"type":"if","locations":[{"start":{"line":7,"column":4},"end":{"line":9,"column":5}}]}},"s":{"0":2,"1":2,"2":10,"3":10,"4":6,"5":4,"6":2},"f":{"0":10},"b":{"0":[6]}}
,"C:\\udemy-react\\rest_api_node_server\\src\\models\\Product.ts": {"path":"C:\\udemy-react\\rest_api_node_server\\src\\models\\Product.ts","statementMap":{"0":{"start":{"line":1,"column":0},"end":{"line":1,"column":79}},"1":{"start":{"line":8,"column":0},"end":{"line":24,"column":null}},"2":{"start":{"line":12,"column":12},"end":{"line":12,"column":null}},"3":{"start":{"line":17,"column":12},"end":{"line":17,"column":null}},"4":{"start":{"line":23,"column":12},"end":{"line":23,"column":null}},"5":{"start":{"line":8,"column":6},"end":{"line":24,"column":null}},"6":{"start":{"line":26,"column":0},"end":{"line":26,"column":23}}},"fnMap":{},"branchMap":{},"s":{"0":3,"1":3,"2":3,"3":3,"4":3,"5":3,"6":3},"f":{},"b":{}}
}
