TN:
SF:src\router.ts
FN:32,(anonymous_0)
FN:44,(anonymous_1)
FNF:2
FNH:2
FNDA:3,(anonymous_0)
FNDA:2,(anonymous_1)
DA:1,2
DA:2,2
DA:3,2
DA:4,2
DA:5,2
DA:7,2
DA:10,2
DA:11,2
DA:22,2
DA:32,3
DA:37,2
DA:44,2
DA:50,2
DA:57,2
DA:59,2
LF:15
LH:15
BRF:0
BRH:0
end_of_record
TN:
SF:src\server.ts
FN:8,connection
FNF:1
FNH:1
FNDA:3,connection
DA:1,2
DA:2,2
DA:3,2
DA:4,2
DA:8,2
DA:9,3
DA:10,3
DA:11,2
DA:14,1
DA:17,2
DA:21,2
DA:24,2
DA:28,2
DA:33,2
LF:14
LH:14
BRF:0
BRH:0
end_of_record
TN:
SF:src\config\db.ts
FNF:0
FNH:0
DA:1,2
DA:2,2
DA:3,2
DA:7,2
DA:12,2
LF:5
LH:5
BRF:0
BRH:0
end_of_record
TN:
SF:src\handlers\product.ts
FN:4,(anonymous_1)
FN:15,(anonymous_2)
FN:31,(anonymous_3)
FN:38,(anonymous_4)
FN:53,(anonymous_5)
FN:67,(anonymous_6)
FNF:6
FNH:5
FNDA:2,(anonymous_1)
FNDA:2,(anonymous_2)
FNDA:1,(anonymous_3)
FNDA:0,(anonymous_4)
FNDA:1,(anonymous_5)
FNDA:2,(anonymous_6)
DA:2,2
DA:4,2
DA:5,2
DA:6,2
DA:9,2
DA:11,0
DA:15,2
DA:16,2
DA:17,2
DA:18,2
DA:20,2
DA:21,1
DA:23,1
DA:26,0
DA:31,2
DA:32,1
DA:33,1
DA:38,2
DA:39,0
DA:40,0
DA:42,0
DA:43,0
DA:46,0
DA:47,0
DA:48,0
DA:53,2
DA:54,1
DA:55,1
DA:57,1
DA:58,1
DA:61,0
DA:62,0
DA:67,2
DA:68,2
DA:69,2
DA:71,2
DA:72,1
DA:75,1
DA:76,1
DA:78,1
LF:40
LH:29
BRDA:20,0,0,1
BRDA:42,1,0,0
BRDA:57,2,0,1
BRDA:71,3,0,1
BRF:4
BRH:3
end_of_record
TN:
SF:src\middleware\index.ts
FN:4,(anonymous_0)
FNF:1
FNH:1
FNDA:10,(anonymous_0)
DA:1,2
DA:4,2
DA:6,10
DA:7,10
DA:8,6
DA:11,4
LF:6
LH:6
BRDA:7,0,0,6
BRF:1
BRH:1
end_of_record
TN:
SF:src\models\Product.ts
FNF:0
FNH:0
DA:1,3
DA:8,3
DA:12,3
DA:17,3
DA:23,3
DA:26,3
LF:6
LH:6
BRF:0
BRH:0
end_of_record
